<?xml version="1.0" encoding="UTF-8"?>
<!-- Generated by org.testng.reporters.JUnitXMLReporter -->
<testsuite ignored="3" hostname="LAPTOP-RALNLQ2A" failures="0" tests="1" name="Default test(failed)" time="11.052" errors="0" timestamp="2025-05-26T18:42:33 IST">
  <testcase classname="Tests.LoginTests" name="TC_04_SuccessfulLoginAndLogout" time="5.276"/>
  <testcase classname="Tests.LoginTests" name="TC_03_LoginWithOneFieldValueAndOtherAsEmpty" time="0.0">
    <ignored/>
  </testcase> <!-- TC_03_LoginWithOneFieldValueAndOtherAsEmpty -->
  <testcase classname="Tests.LoginTests" name="TC_02_LoginWithoutAnyValuesInFields" time="0.0">
    <ignored/>
  </testcase> <!-- TC_02_LoginWithoutAnyValuesInFields -->
  <testcase classname="Tests.LoginTests" name="TC_01_ValidateLoginPage" time="0.0">
    <ignored/>
  </testcase> <!-- TC_01_ValidateLoginPage -->
</testsuite> <!-- Default test(failed) -->
