<?xml version="1.0" encoding="UTF-8"?>
<!-- Generated by org.testng.reporters.JUnitXMLReporter -->
<testsuite ignored="3" hostname="LAPTOP-RALNLQ2A" failures="0" tests="1" name="Default test" time="7.09" errors="0" timestamp="2025-05-30T10:55:58 IST">
  <testcase classname="Tests.DevicesTests" name="TC_02_Verify_Add_Device_Details_Form" time="1.761"/>
  <testcase classname="Tests.DevicesTests" name="TC_04_Verify_Adding_A_New_Device" time="0.0">
    <ignored/>
  </testcase> <!-- TC_04_Verify_Adding_A_New_Device -->
  <testcase classname="Tests.DevicesTests" name="TC_03_Verify_The_Paginations" time="0.0">
    <ignored/>
  </testcase> <!-- TC_03_Verify_The_Paginations -->
  <testcase classname="Tests.DevicesTests" name="TC_01_Verify_The_Devices_Section" time="0.0">
    <ignored/>
  </testcase> <!-- TC_01_Verify_The_Devices_Section -->
</testsuite> <!-- Default test -->
