<?xml version="1.0" encoding="UTF-8"?>
<!-- Generated by org.testng.reporters.JUnitXMLReporter -->
<testsuite ignored="2" hostname="LAPTOP-RALNLQ2A" failures="0" tests="7" name="Test" time="35.743" errors="0" timestamp="2025-05-30T11:48:35 IST">
  <testcase classname="Tests.LoginTests" name="TC_01_ValidateLoginPage" time="0.664"/>
  <testcase classname="Tests.LoginTests" name="TC_02_LoginWithoutAnyValuesInFields" time="2.184"/>
  <testcase classname="Tests.LoginTests" name="TC_03_LoginWithOneFieldValueAndOtherAsEmpty" time="2.331"/>
  <testcase classname="Tests.LoginTests" name="TC_04_SuccessfulLoginAndLogout" time="3.873"/>
  <testcase classname="Tests.DevicesTests" name="TC_01_Verify_The_Devices_Section" time="2.817"/>
  <testcase classname="Tests.DevicesTests" name="TC_02_Verify_Add_Device_Details_Form" time="3.396"/>
  <testcase classname="Tests.HomeTests" name="validateSideNavbars" time="5.281"/>
  <testcase classname="Tests.DevicesTests" name="TC_03_Verify_The_Paginations" time="0.0">
    <ignored/>
  </testcase> <!-- TC_03_Verify_The_Paginations -->
  <testcase classname="Tests.DevicesTests" name="TC_04_Verify_Adding_A_New_Device" time="0.0">
    <ignored/>
  </testcase> <!-- TC_04_Verify_Adding_A_New_Device -->
</testsuite> <!-- Test -->
