<?xml version="1.0" encoding="UTF-8"?>
<testng-results ignored="0" total="7" passed="7" failed="0" skipped="0">
  <reporter-output>
  </reporter-output>
  <suite started-at="2025-05-30T15:46:26 IST" name="Surefire suite" finished-at="2025-05-30T15:47:07 IST" duration-ms="41741">
    <groups>
    </groups>
    <test started-at="2025-05-30T15:46:26 IST" name="Surefire test" finished-at="2025-05-30T15:47:07 IST" duration-ms="41741">
      <class name="Tests.LoginTests">
        <test-method is-config="true" signature="setUp()[pri:0, instance:Tests.LoginTests@2e3967ea]" started-at="2025-05-30T15:46:53 IST" name="setUp" finished-at="2025-05-30T15:46:57 IST" duration-ms="4412" status="PASS">
          <reporter-output>
          </reporter-output>
        </test-method> <!-- setUp -->
        <test-method signature="TC_01_ValidateLoginPage()[pri:0, instance:Tests.LoginTests@2e3967ea]" started-at="2025-05-30T15:46:57 IST" name="TC_01_ValidateLoginPage" finished-at="2025-05-30T15:46:59 IST" duration-ms="1472" status="PASS">
          <reporter-output>
          </reporter-output>
        </test-method> <!-- TC_01_ValidateLoginPage -->
        <test-method signature="TC_02_LoginWithoutAnyValuesInFields()[pri:0, instance:Tests.LoginTests@2e3967ea]" started-at="2025-05-30T15:46:59 IST" name="TC_02_LoginWithoutAnyValuesInFields" finished-at="2025-05-30T15:47:01 IST" duration-ms="2229" status="PASS">
          <reporter-output>
          </reporter-output>
        </test-method> <!-- TC_02_LoginWithoutAnyValuesInFields -->
        <test-method signature="TC_03_LoginWithOneFieldValueAndOtherAsEmpty()[pri:0, instance:Tests.LoginTests@2e3967ea]" started-at="2025-05-30T15:47:01 IST" name="TC_03_LoginWithOneFieldValueAndOtherAsEmpty" finished-at="2025-05-30T15:47:03 IST" duration-ms="2179" status="PASS">
          <reporter-output>
          </reporter-output>
        </test-method> <!-- TC_03_LoginWithOneFieldValueAndOtherAsEmpty -->
        <test-method signature="TC_04_SuccessfulLoginAndLogout()[pri:0, instance:Tests.LoginTests@2e3967ea]" started-at="2025-05-30T15:47:03 IST" name="TC_04_SuccessfulLoginAndLogout" finished-at="2025-05-30T15:47:07 IST" duration-ms="3771" status="PASS">
          <reporter-output>
          </reporter-output>
        </test-method> <!-- TC_04_SuccessfulLoginAndLogout -->
        <test-method is-config="true" signature="tearDown()[pri:0, instance:Tests.LoginTests@2e3967ea]" started-at="2025-05-30T15:47:07 IST" name="tearDown" finished-at="2025-05-30T15:47:07 IST" duration-ms="195" status="PASS">
          <reporter-output>
          </reporter-output>
        </test-method> <!-- tearDown -->
      </class> <!-- Tests.LoginTests -->
      <class name="Tests.HomeTests">
        <test-method is-config="true" signature="setUp()[pri:0, instance:Tests.HomeTests@576d5deb]" started-at="2025-05-30T15:46:40 IST" name="setUp" finished-at="2025-05-30T15:46:46 IST" duration-ms="5286" status="PASS">
          <reporter-output>
          </reporter-output>
        </test-method> <!-- setUp -->
        <test-method signature="TC_01_ValidateSideNavbars()[pri:0, instance:Tests.HomeTests@576d5deb]" started-at="2025-05-30T15:46:46 IST" name="TC_01_ValidateSideNavbars" finished-at="2025-05-30T15:46:53 IST" duration-ms="7169" status="PASS">
          <reporter-output>
          </reporter-output>
        </test-method> <!-- TC_01_ValidateSideNavbars -->
        <test-method is-config="true" signature="logOut()[pri:0, instance:Tests.HomeTests@576d5deb]" started-at="2025-05-30T15:46:53 IST" name="logOut" finished-at="2025-05-30T15:46:53 IST" duration-ms="112" status="PASS">
          <reporter-output>
          </reporter-output>
        </test-method> <!-- logOut -->
        <test-method is-config="true" signature="tearDown()[pri:0, instance:Tests.HomeTests@576d5deb]" started-at="2025-05-30T15:46:53 IST" name="tearDown" finished-at="2025-05-30T15:46:53 IST" duration-ms="137" status="PASS">
          <reporter-output>
          </reporter-output>
        </test-method> <!-- tearDown -->
      </class> <!-- Tests.HomeTests -->
      <class name="Tests.DevicesTests">
        <test-method is-config="true" signature="setUp()[pri:0, instance:Tests.DevicesTests@534a5a98]" started-at="2025-05-30T15:46:26 IST" name="setUp" finished-at="2025-05-30T15:46:31 IST" duration-ms="5622" status="PASS">
          <reporter-output>
          </reporter-output>
        </test-method> <!-- setUp -->
        <test-method signature="TC_01_Verify_The_Devices_Section()[pri:0, instance:Tests.DevicesTests@534a5a98]" started-at="2025-05-30T15:46:31 IST" name="TC_01_Verify_The_Devices_Section" finished-at="2025-05-30T15:46:36 IST" duration-ms="4396" status="PASS">
          <reporter-output>
          </reporter-output>
        </test-method> <!-- TC_01_Verify_The_Devices_Section -->
        <test-method signature="TC_02_Verify_Add_Device_Details_Form()[pri:0, instance:Tests.DevicesTests@534a5a98]" started-at="2025-05-30T15:46:36 IST" name="TC_02_Verify_Add_Device_Details_Form" finished-at="2025-05-30T15:46:38 IST" duration-ms="2784" status="PASS">
          <reporter-output>
          </reporter-output>
        </test-method> <!-- TC_02_Verify_Add_Device_Details_Form -->
        <test-method is-config="true" signature="tearDown()[pri:0, instance:Tests.DevicesTests@534a5a98]" started-at="2025-05-30T15:46:38 IST" name="tearDown" finished-at="2025-05-30T15:46:40 IST" duration-ms="1779" status="PASS">
          <reporter-output>
          </reporter-output>
        </test-method> <!-- tearDown -->
      </class> <!-- Tests.DevicesTests -->
    </test> <!-- Surefire test -->
  </suite> <!-- Surefire suite -->
</testng-results>
