<?xml version="1.0" encoding="UTF-8"?>
<testng-results ignored="0" total="7" passed="7" failed="0" skipped="0">
  <reporter-output>
  </reporter-output>
  <suite started-at="2025-05-30T10:19:16 IST" name="Suite" finished-at="2025-05-30T10:19:46 IST" duration-ms="30084">
    <groups>
    </groups>
    <test started-at="2025-05-30T10:19:16 IST" name="Test" finished-at="2025-05-30T10:19:46 IST" duration-ms="30084">
      <class name="Tests.LoginTests">
        <test-method is-config="true" signature="setUp()[pri:0, instance:Tests.LoginTests@233795b6]" started-at="2025-05-30T10:19:16 IST" name="setUp" finished-at="2025-05-30T10:19:22 IST" duration-ms="5950" status="PASS">
          <reporter-output>
          </reporter-output>
        </test-method> <!-- setUp -->
        <test-method signature="TC_01_ValidateLoginPage()[pri:0, instance:Tests.LoginTests@233795b6]" started-at="2025-05-30T10:19:22 IST" name="TC_01_ValidateLoginPage" finished-at="2025-05-30T10:19:23 IST" duration-ms="772" status="PASS">
          <reporter-output>
          </reporter-output>
        </test-method> <!-- TC_01_ValidateLoginPage -->
        <test-method signature="TC_02_LoginWithoutAnyValuesInFields()[pri:0, instance:Tests.LoginTests@233795b6]" started-at="2025-05-30T10:19:23 IST" name="TC_02_LoginWithoutAnyValuesInFields" finished-at="2025-05-30T10:19:25 IST" duration-ms="2130" status="PASS">
          <reporter-output>
          </reporter-output>
        </test-method> <!-- TC_02_LoginWithoutAnyValuesInFields -->
        <test-method signature="TC_03_LoginWithOneFieldValueAndOtherAsEmpty()[pri:0, instance:Tests.LoginTests@233795b6]" started-at="2025-05-30T10:19:25 IST" name="TC_03_LoginWithOneFieldValueAndOtherAsEmpty" finished-at="2025-05-30T10:19:27 IST" duration-ms="2200" status="PASS">
          <reporter-output>
          </reporter-output>
        </test-method> <!-- TC_03_LoginWithOneFieldValueAndOtherAsEmpty -->
        <test-method signature="TC_04_SuccessfulLoginAndLogout()[pri:0, instance:Tests.LoginTests@233795b6]" started-at="2025-05-30T10:19:27 IST" name="TC_04_SuccessfulLoginAndLogout" finished-at="2025-05-30T10:19:31 IST" duration-ms="3842" status="PASS">
          <reporter-output>
          </reporter-output>
        </test-method> <!-- TC_04_SuccessfulLoginAndLogout -->
        <test-method is-config="true" signature="tearDown()[pri:0, instance:Tests.LoginTests@233795b6]" started-at="2025-05-30T10:19:31 IST" name="tearDown" finished-at="2025-05-30T10:19:31 IST" duration-ms="227" status="PASS">
          <reporter-output>
          </reporter-output>
        </test-method> <!-- tearDown -->
      </class> <!-- Tests.LoginTests -->
      <class name="Tests.HomeTests">
        <test-method is-config="true" signature="setUp()[pri:0, instance:Tests.HomeTests@179ece50]" started-at="2025-05-30T10:19:39 IST" name="setUp" finished-at="2025-05-30T10:19:43 IST" duration-ms="4358" status="PASS">
          <reporter-output>
          </reporter-output>
        </test-method> <!-- setUp -->
        <test-method signature="validateSideNavbars()[pri:0, instance:Tests.HomeTests@179ece50]" started-at="2025-05-30T10:19:43 IST" name="validateSideNavbars" finished-at="2025-05-30T10:19:46 IST" duration-ms="2935" status="PASS">
          <reporter-output>
          </reporter-output>
        </test-method> <!-- validateSideNavbars -->
        <test-method is-config="true" signature="logOut()[pri:0, instance:Tests.HomeTests@179ece50]" started-at="2025-05-30T10:19:46 IST" name="logOut" finished-at="2025-05-30T10:19:46 IST" duration-ms="114" status="PASS">
          <reporter-output>
          </reporter-output>
        </test-method> <!-- logOut -->
        <test-method is-config="true" signature="tearDown()[pri:0, instance:Tests.HomeTests@179ece50]" started-at="2025-05-30T10:19:46 IST" name="tearDown" finished-at="2025-05-30T10:19:46 IST" duration-ms="187" status="PASS">
          <reporter-output>
          </reporter-output>
        </test-method> <!-- tearDown -->
      </class> <!-- Tests.HomeTests -->
      <class name="Tests.DevicesTests">
        <test-method is-config="true" signature="setUp()[pri:0, instance:Tests.DevicesTests@9d5509a]" started-at="2025-05-30T10:19:31 IST" name="setUp" finished-at="2025-05-30T10:19:36 IST" duration-ms="4168" status="PASS">
          <reporter-output>
          </reporter-output>
        </test-method> <!-- setUp -->
        <test-method signature="TC_01_Verify_The_Devices_Section()[pri:0, instance:Tests.DevicesTests@9d5509a]" started-at="2025-05-30T10:19:36 IST" name="TC_01_Verify_The_Devices_Section" finished-at="2025-05-30T10:19:38 IST" duration-ms="2653" status="PASS">
          <reporter-output>
          </reporter-output>
        </test-method> <!-- TC_01_Verify_The_Devices_Section -->
        <test-method signature="TC_02_Verify_Add_Device_Details_Form()[pri:0, instance:Tests.DevicesTests@9d5509a]" started-at="2025-05-30T10:19:38 IST" name="TC_02_Verify_Add_Device_Details_Form" finished-at="2025-05-30T10:19:39 IST" duration-ms="293" status="PASS">
          <reporter-output>
          </reporter-output>
        </test-method> <!-- TC_02_Verify_Add_Device_Details_Form -->
        <test-method is-config="true" signature="tearDown()[pri:0, instance:Tests.DevicesTests@9d5509a]" started-at="2025-05-30T10:19:39 IST" name="tearDown" finished-at="2025-05-30T10:19:39 IST" duration-ms="194" status="PASS">
          <reporter-output>
          </reporter-output>
        </test-method> <!-- tearDown -->
      </class> <!-- Tests.DevicesTests -->
    </test> <!-- Test -->
  </suite> <!-- Suite -->
</testng-results>
