<?xml version="1.0" encoding="UTF-8"?>
<testng-results ignored="0" total="7" passed="7" failed="0" skipped="0">
  <reporter-output>
  </reporter-output>
  <suite started-at="2025-05-30T12:03:51 IST" name="Suite" finished-at="2025-05-30T12:04:32 IST" duration-ms="40746">
    <groups>
    </groups>
    <test started-at="2025-05-30T12:03:51 IST" name="Test" finished-at="2025-05-30T12:04:32 IST" duration-ms="40746">
      <class name="Tests.LoginTests">
        <test-method is-config="true" signature="setUp()[pri:0, instance:Tests.LoginTests@30c15d8b]" started-at="2025-05-30T12:03:51 IST" name="setUp" finished-at="2025-05-30T12:03:59 IST" duration-ms="8234" status="PASS">
          <reporter-output>
          </reporter-output>
        </test-method> <!-- setUp -->
        <test-method signature="TC_01_ValidateLoginPage()[pri:0, instance:Tests.LoginTests@30c15d8b]" started-at="2025-05-30T12:03:59 IST" name="TC_01_ValidateLoginPage" finished-at="2025-05-30T12:04:00 IST" duration-ms="990" status="PASS">
          <reporter-output>
          </reporter-output>
        </test-method> <!-- TC_01_ValidateLoginPage -->
        <test-method signature="TC_02_LoginWithoutAnyValuesInFields()[pri:0, instance:Tests.LoginTests@30c15d8b]" started-at="2025-05-30T12:04:00 IST" name="TC_02_LoginWithoutAnyValuesInFields" finished-at="2025-05-30T12:04:02 IST" duration-ms="2137" status="PASS">
          <reporter-output>
          </reporter-output>
        </test-method> <!-- TC_02_LoginWithoutAnyValuesInFields -->
        <test-method signature="TC_03_LoginWithOneFieldValueAndOtherAsEmpty()[pri:0, instance:Tests.LoginTests@30c15d8b]" started-at="2025-05-30T12:04:02 IST" name="TC_03_LoginWithOneFieldValueAndOtherAsEmpty" finished-at="2025-05-30T12:04:05 IST" duration-ms="2153" status="PASS">
          <reporter-output>
          </reporter-output>
        </test-method> <!-- TC_03_LoginWithOneFieldValueAndOtherAsEmpty -->
        <test-method signature="TC_04_SuccessfulLoginAndLogout()[pri:0, instance:Tests.LoginTests@30c15d8b]" started-at="2025-05-30T12:04:05 IST" name="TC_04_SuccessfulLoginAndLogout" finished-at="2025-05-30T12:04:08 IST" duration-ms="3745" status="PASS">
          <reporter-output>
          </reporter-output>
        </test-method> <!-- TC_04_SuccessfulLoginAndLogout -->
        <test-method is-config="true" signature="tearDown()[pri:0, instance:Tests.LoginTests@30c15d8b]" started-at="2025-05-30T12:04:08 IST" name="tearDown" finished-at="2025-05-30T12:04:09 IST" duration-ms="135" status="PASS">
          <reporter-output>
          </reporter-output>
        </test-method> <!-- tearDown -->
      </class> <!-- Tests.LoginTests -->
      <class name="Tests.HomeTests">
        <test-method is-config="true" signature="setUp()[pri:0, instance:Tests.HomeTests@36fc695d]" started-at="2025-05-30T12:04:21 IST" name="setUp" finished-at="2025-05-30T12:04:26 IST" duration-ms="4649" status="PASS">
          <reporter-output>
          </reporter-output>
        </test-method> <!-- setUp -->
        <test-method signature="validateSideNavbars()[pri:0, instance:Tests.HomeTests@36fc695d]" started-at="2025-05-30T12:04:26 IST" name="validateSideNavbars" finished-at="2025-05-30T12:04:32 IST" duration-ms="5767" status="PASS">
          <reporter-output>
          </reporter-output>
        </test-method> <!-- validateSideNavbars -->
        <test-method is-config="true" signature="logOut()[pri:0, instance:Tests.HomeTests@36fc695d]" started-at="2025-05-30T12:04:32 IST" name="logOut" finished-at="2025-05-30T12:04:32 IST" duration-ms="93" status="PASS">
          <reporter-output>
          </reporter-output>
        </test-method> <!-- logOut -->
        <test-method is-config="true" signature="tearDown()[pri:0, instance:Tests.HomeTests@36fc695d]" started-at="2025-05-30T12:04:32 IST" name="tearDown" finished-at="2025-05-30T12:04:32 IST" duration-ms="101" status="PASS">
          <reporter-output>
          </reporter-output>
        </test-method> <!-- tearDown -->
      </class> <!-- Tests.HomeTests -->
      <class name="Tests.DevicesTests">
        <test-method is-config="true" signature="setUp()[pri:0, instance:Tests.DevicesTests@2b71e916]" started-at="2025-05-30T12:04:09 IST" name="setUp" finished-at="2025-05-30T12:04:13 IST" duration-ms="4758" status="PASS">
          <reporter-output>
          </reporter-output>
        </test-method> <!-- setUp -->
        <test-method signature="TC_01_Verify_The_Devices_Section()[pri:0, instance:Tests.DevicesTests@2b71e916]" started-at="2025-05-30T12:04:13 IST" name="TC_01_Verify_The_Devices_Section" finished-at="2025-05-30T12:04:18 IST" duration-ms="5054" status="PASS">
          <reporter-output>
          </reporter-output>
        </test-method> <!-- TC_01_Verify_The_Devices_Section -->
        <test-method signature="TC_02_Verify_Add_Device_Details_Form()[pri:0, instance:Tests.DevicesTests@2b71e916]" started-at="2025-05-30T12:04:18 IST" name="TC_02_Verify_Add_Device_Details_Form" finished-at="2025-05-30T12:04:21 IST" duration-ms="2747" status="PASS">
          <reporter-output>
          </reporter-output>
        </test-method> <!-- TC_02_Verify_Add_Device_Details_Form -->
        <test-method is-config="true" signature="tearDown()[pri:0, instance:Tests.DevicesTests@2b71e916]" started-at="2025-05-30T12:04:21 IST" name="tearDown" finished-at="2025-05-30T12:04:21 IST" duration-ms="124" status="PASS">
          <reporter-output>
          </reporter-output>
        </test-method> <!-- tearDown -->
      </class> <!-- Tests.DevicesTests -->
    </test> <!-- Test -->
  </suite> <!-- Suite -->
</testng-results>
